<?xml version="1.0" encoding="UTF-8"?>
<!-- Generated by org.testng.reporters.JUnitReportReporter -->
<testsuite hostname="WIN-GSGDJCIICMS" failures="0" tests="1" name="com.test.automation.tests.LoginTest" time="26.859" errors="0" timestamp="2025-09-18T18:14:39 IST" skipped="0">
  <testcase classname="com.test.automation.tests.LoginTest" name="testValidLogin" time="26.859"/>
</testsuite> <!-- com.test.automation.tests.LoginTest -->
