<?xml version="1.0" encoding="UTF-8"?>
<!-- Generated by org.testng.reporters.JUnitReportReporter -->
<testsuite hostname="WIN-GSGDJCIICMS" failures="0" tests="1" name="com.test.automation.tests.EmployeeTest" time="39.218" errors="0" timestamp="2025-09-19T12:45:10 IST" skipped="0">
  <testcase classname="com.test.automation.tests.EmployeeTest" name="addEmployeeTest" time="39.218"/>
</testsuite> <!-- com.test.automation.tests.EmployeeTest -->
